epoch,dice_coef,loss,val_dice_coef,val_loss
0,0.0251226086182,-0.0251226086095,0.0211232028604,-0.0211232032478
1,0.0260345953753,-0.0260345951368,0.0225593094528,-0.022559310168
2,0.0314893055956,-0.031489305834,0.0315532616079,-0.0315532618463
3,0.0654116503398,-0.0654116511345,0.0999228365421,-0.0999228368998
4,0.194832027316,-0.194832026402,0.201604834557,-0.201604839921
5,0.223252234658,-0.223252235293,0.18678499198,-0.186785001516
6,0.23428979063,-0.234289791266,0.217288444281,-0.217288448095
7,0.222536498109,-0.222536496838,0.17549978292,-0.175499784827
8,0.238839199305,-0.238839198033,0.221454468489,-0.221454478025
9,0.251067815483,-0.251067816118,0.220977862597,-0.220977860689
10,0.251846916596,-0.251846917232,0.218589085817,-0.218589087725
11,0.253575671673,-0.253575672944,0.215514211416,-0.215514217138
12,0.258311951677,-0.258311948498,0.229498240948,-0.229498245955
13,0.262769094785,-0.262769087871,0.232365555048,-0.232365555048
14,0.217646707098,-0.217646705866,0.184216287613,-0.184216285706
15,0.227154441118,-0.227154441436,0.201693555117,-0.201693551302
16,0.2608134559,-0.260813451449,0.238038319111,-0.238038306475
17,0.263478718042,-0.263478721142,0.246412763119,-0.246412762403
18,0.26871138835,-0.268711389065,0.24131583333,-0.241315839052
19,0.279214646419,-0.279214651187,0.245915302753,-0.245915292025
20,0.289844345331,-0.289844346523,0.268176431656,-0.268176434755
21,0.276342993975,-0.27634299461,0.264271526098,-0.264271521091
22,0.299611831427,-0.299611832778,0.279747631073,-0.279747625351
23,0.292632819732,-0.292632822911,0.229064788103,-0.229064784288
24,0.304599204699,-0.304599204699,0.298417196989,-0.298417191982
25,0.331427911679,-0.331427911043,0.305426413298,-0.305426419735
26,0.346175687949,-0.346175690492,0.319587162256,-0.31958716917
27,0.354774206956,-0.354774208228,0.325392643452,-0.325392643452
28,0.377084572872,-0.377084575415,0.330992815256,-0.330992818356
29,0.378626161098,-0.378626158913,0.334463846207,-0.334463849306
30,0.388312681437,-0.388312681993,0.332632641792,-0.332632639408
31,0.3997695961,-0.399769591014,0.350973474741,-0.350973481655
32,0.405225911697,-0.405225913525,0.349166343212,-0.349166343212
33,0.423781651894,-0.423781649987,0.354042093992,-0.354042087078
34,0.417333685398,-0.417333695571,0.35679199028,-0.356791987181
35,0.434198867003,-0.434198861917,0.360302271128,-0.360302278042
36,0.445241266012,-0.445241257111,0.376464080811,-0.376464076996
37,0.447586400986,-0.447586399714,0.38312897706,-0.383128987789
38,0.451081951062,-0.451081935803,0.375339046955,-0.375339027882
39,0.432844633261,-0.43284463199,0.368070358276,-0.36807036972
40,0.464654179732,-0.464654177189,0.399098876953,-0.399098876953
41,0.474989547888,-0.474989545345,0.402110610485,-0.40211060667
42,0.481045329889,-0.481045324802,0.414857412815,-0.414857412815
43,0.4715191377,-0.471519140244,0.409140381813,-0.409140383244
44,0.471281481663,-0.47128148222,0.405069058895,-0.405069070339
45,0.475272306919,-0.475272305648,0.431167815685,-0.431167827129
46,0.501232724667,-0.501232724667,0.415120539665,-0.415120542049
47,0.487483219147,-0.48748321406,0.418838803291,-0.418838793278
48,0.490170420647,-0.490170418104,0.443912651062,-0.443912656307
49,0.511838881811,-0.511838881969,0.441760900974,-0.441760908604
50,0.518858829975,-0.518858817259,0.43121982336,-0.431219827175
51,0.507954842647,-0.507954843362,0.420493793488,-0.420493789673
52,0.528120821953,-0.528120818138,0.470330230713,-0.470330243587
53,0.536868874709,-0.536868865808,0.463037097931,-0.463037090302
54,0.539720425606,-0.53972043252,0.475627314091,-0.475627317905
55,0.540770146688,-0.540770144145,0.47516343689,-0.475163442135
56,0.550360544046,-0.550360537529,0.480861094475,-0.480861094475
57,0.545129342079,-0.545129340808,0.462618984699,-0.462618993759
58,0.52187358276,-0.521873581489,0.47612628746,-0.476126279831
59,0.555210161368,-0.555210166454,0.48587673521,-0.485876729012
60,0.555757468541,-0.555757464568,0.446528849602,-0.446528848171
61,0.54322911485,-0.543229108493,0.489126353741,-0.489126380444
62,0.571160475254,-0.571160471439,0.492170714378,-0.492170706749
63,0.576217107693,-0.57621710515,0.497969364166,-0.497969354153
64,0.573533096631,-0.573533100446,0.476556328297,-0.476556319237
65,0.578091094812,-0.57809109354,0.502712456226,-0.502712452412
66,0.596296097755,-0.596296108484,0.496600056648,-0.496600056648
67,0.578781199455,-0.578781196912,0.484723443508,-0.484723454952
68,0.587945212046,-0.587945198059,0.502776282787,-0.502776286602
69,0.603657040914,-0.603657040914,0.505544229984,-0.505544241428
70,0.604985186259,-0.60498517863,0.507593963146,-0.507593964577
71,0.608259125551,-0.608259124438,0.494401608467,-0.494401606083
72,0.588644632022,-0.588644630194,0.508222576618,-0.508222588062
73,0.608029423396,-0.608029424508,0.511897612095,-0.511897585392
74,0.625969682217,-0.625969694932,0.512733790398,-0.512733788967
75,0.62277151076,-0.622771505674,0.518780739784,-0.518780745029
76,0.624102957726,-0.624102955182,0.515083142757,-0.515083132744
77,0.636551585992,-0.636551585992,0.508710746288,-0.508710750103
78,0.638789539019,-0.638789528847,0.515227415085,-0.515227399826
79,0.634649169286,-0.634649175485,0.509634042263,-0.509634055138
80,0.646370301088,-0.646370305061,0.486993692398,-0.486993684769
81,0.629540284793,-0.629540292422,0.507544946194,-0.50754493618
82,0.638167852243,-0.638167850812,0.492963580132,-0.492963590145
83,0.645604176839,-0.64560416158,0.521248689175,-0.521248677731
84,0.651033986886,-0.651033980529,0.526889612675,-0.526889616489
85,0.660243025303,-0.660243012587,0.508804563522,-0.508804563522
86,0.662121168137,-0.662121169567,0.488859797001,-0.488859800816
87,0.635644653122,-0.635644658486,0.499661408424,-0.499661409855
88,0.661612922986,-0.661612916629,0.517089118958,-0.517089118958
89,0.656607231935,-0.656607225736,0.528224068642,-0.528224064827
90,0.67824007686,-0.678240061601,0.521864609241,-0.521864611626
91,0.678959521135,-0.678959505876,0.519303795338,-0.519303792953
92,0.684887815317,-0.684887811343,0.518021978378,-0.518021974564
93,0.678033782959,-0.678033772786,0.527353531837,-0.527353539467
94,0.687322005113,-0.687321997484,0.46814321804,-0.468143220425
95,0.653765484015,-0.653765486558,0.516745243549,-0.516745254993
96,0.668431085899,-0.668431088443,0.487784146309,-0.487784128666
97,0.666215637684,-0.666215620995,0.530549946785,-0.530549948215
98,0.68730856514,-0.687308558623,0.517106633186,-0.517106614113
99,0.696699408849,-0.696699398677,0.500910882473,-0.500910886288
